c:\users\1\desktop\researchtaskbranch\researchtask\x64\release\researchtask.pch
c:\users\1\desktop\researchtaskbranch\researchtask\x64\release\vc141.pdb
c:\users\1\desktop\researchtaskbranch\researchtask\x64\release\stdafx.obj
c:\users\1\desktop\researchtaskbranch\researchtask\x64\release\task.obj
c:\users\1\desktop\researchtaskbranch\researchtask\x64\release\sprechersolver.obj
c:\users\1\desktop\researchtaskbranch\researchtask\x64\release\heuristics.obj
c:\users\1\desktop\researchtaskbranch\researchtask\x64\release\solver.obj
c:\users\1\desktop\researchtaskbranch\researchtask\x64\release\resource.obj
c:\users\1\desktop\researchtaskbranch\researchtask\x64\release\researchtask.obj
c:\users\1\desktop\researchtaskbranch\researchtask\x64\release\problem.obj
c:\users\1\desktop\researchtaskbranch\researchtask\x64\release\mixedsolver.obj
c:\users\1\desktop\researchtaskbranch\researchtask\x64\release\exactsolver.obj
c:\users\1\desktop\researchtaskbranch\researchtask\x64\release\assignment.obj
c:\users\1\desktop\researchtaskbranch\researchtask\x64\release\compheursolver.obj
c:\users\1\desktop\researchtaskbranch\x64\release\researchtask.exe
c:\users\1\desktop\researchtaskbranch\x64\release\researchtask.pdb
c:\users\1\desktop\researchtaskbranch\researchtask\x64\release\researchtask.res
c:\users\1\desktop\researchtaskbranch\x64\release\researchtask.ipdb
c:\users\1\desktop\researchtaskbranch\x64\release\researchtask.iobj
c:\users\1\desktop\researchtaskbranch\researchtask\x64\release\researchtask.tlog\cl.command.1.tlog
c:\users\1\desktop\researchtaskbranch\researchtask\x64\release\researchtask.tlog\cl.read.1.tlog
c:\users\1\desktop\researchtaskbranch\researchtask\x64\release\researchtask.tlog\cl.write.1.tlog
c:\users\1\desktop\researchtaskbranch\researchtask\x64\release\researchtask.tlog\link.command.1.tlog
c:\users\1\desktop\researchtaskbranch\researchtask\x64\release\researchtask.tlog\link.read.1.tlog
c:\users\1\desktop\researchtaskbranch\researchtask\x64\release\researchtask.tlog\link.write.1.tlog
c:\users\1\desktop\researchtaskbranch\researchtask\x64\release\researchtask.tlog\rc.command.1.tlog
c:\users\1\desktop\researchtaskbranch\researchtask\x64\release\researchtask.tlog\rc.read.1.tlog
c:\users\1\desktop\researchtaskbranch\researchtask\x64\release\researchtask.tlog\rc.write.1.tlog
c:\users\1\desktop\researchtaskbranch\researchtask\x64\release\researchtask.tlog\researchtask.write.1u.tlog
